proguard/seeds.txt
com.luck_star.liedetector.prank.MyApp
com.luck_star.liedetector.prank.MyApp: MyApp()
com.luck_star.liedetector.prank.R$anim: int scan
com.luck_star.liedetector.prank.R$attr: int adSize
com.luck_star.liedetector.prank.R$attr: int adSizes
com.luck_star.liedetector.prank.R$attr: int adUnitId
com.luck_star.liedetector.prank.R$attr: int ambientEnabled
com.luck_star.liedetector.prank.R$attr: int appTheme
com.luck_star.liedetector.prank.R$attr: int buttonSize
com.luck_star.liedetector.prank.R$attr: int buyButtonAppearance
com.luck_star.liedetector.prank.R$attr: int buyButtonHeight
com.luck_star.liedetector.prank.R$attr: int buyButtonText
com.luck_star.liedetector.prank.R$attr: int buyButtonWidth
com.luck_star.liedetector.prank.R$attr: int cameraBearing
com.luck_star.liedetector.prank.R$attr: int cameraTargetLat
com.luck_star.liedetector.prank.R$attr: int cameraTargetLng
com.luck_star.liedetector.prank.R$attr: int cameraTilt
com.luck_star.liedetector.prank.R$attr: int cameraZoom
com.luck_star.liedetector.prank.R$attr: int circleCrop
com.luck_star.liedetector.prank.R$attr: int colorScheme
com.luck_star.liedetector.prank.R$attr: int environment
com.luck_star.liedetector.prank.R$attr: int fragmentMode
com.luck_star.liedetector.prank.R$attr: int fragmentStyle
com.luck_star.liedetector.prank.R$attr: int imageAspectRatio
com.luck_star.liedetector.prank.R$attr: int imageAspectRatioAdjust
com.luck_star.liedetector.prank.R$attr: int liteMode
com.luck_star.liedetector.prank.R$attr: int mapType
com.luck_star.liedetector.prank.R$attr: int maskedWalletDetailsBackground
com.luck_star.liedetector.prank.R$color: int common_action_bar_splitter
com.luck_star.liedetector.prank.R$color: int common_google_signin_btn_text_dark
com.luck_star.liedetector.prank.R$color: int common_google_signin_btn_text_dark_default
com.luck_star.liedetector.prank.R$color: int common_google_signin_btn_text_dark_disabled
com.luck_star.liedetector.prank.R$color: int common_google_signin_btn_text_dark_focused
com.luck_star.liedetector.prank.R$color: int common_google_signin_btn_text_dark_pressed
com.luck_star.liedetector.prank.R$color: int common_google_signin_btn_text_light
com.luck_star.liedetector.prank.R$color: int common_google_signin_btn_text_light_default
com.luck_star.liedetector.prank.R$color: int common_google_signin_btn_text_light_disabled
com.luck_star.liedetector.prank.R$color: int common_google_signin_btn_text_light_focused
com.luck_star.liedetector.prank.R$color: int common_google_signin_btn_text_light_pressed
com.luck_star.liedetector.prank.R$color: int common_plus_signin_btn_text_dark
com.luck_star.liedetector.prank.R$color: int common_plus_signin_btn_text_dark_default
com.luck_star.liedetector.prank.R$color: int common_plus_signin_btn_text_dark_disabled
com.luck_star.liedetector.prank.R$color: int common_plus_signin_btn_text_dark_focused
com.luck_star.liedetector.prank.R$color: int common_plus_signin_btn_text_dark_pressed
com.luck_star.liedetector.prank.R$color: int common_plus_signin_btn_text_light
...
com.google.android.gms.nearby.messages.internal.MessageType
com.google.android.gms.nearby.messages.internal.MessageType: android.os.Parcelable$Creator CREATOR
com.google.android.gms.nearby.messages.internal.MessageWrapper
com.google.android.gms.nearby.messages.internal.MessageWrapper: com.google.android.gms.nearby.messages.internal.zzi CREATOR
com.google.android.gms.nearby.messages.internal.PublishRequest
com.google.android.gms.nearby.messages.internal.PublishRequest: android.os.Parcelable$Creator CREATOR
com.google.android.gms.nearby.messages.internal.RegisterStatusCallbackRequest
com.google.android.gms.nearby.messages.internal.RegisterStatusCallbackRequest: android.os.Parcelable$Creator CREATOR
com.google.android.gms.nearby.messages.internal.SubscribeRequest
com.google.android.gms.nearby.messages.internal.SubscribeRequest: android.os.Parcelable$Creator CREATOR
com.google.android.gms.nearby.messages.internal.UnpublishRequest
com.google.android.gms.nearby.messages.internal.UnpublishRequest: android.os.Parcelable$Creator CREATOR
com.google.android.gms.nearby.messages.internal.UnsubscribeRequest
com.google.android.gms.nearby.messages.internal.UnsubscribeRequest: android.os.Parcelable$Creator CREATOR
com.google.android.gms.nearby.sharing.AppContentReceivedResult
com.google.android.gms.nearby.sharing.AppContentReceivedResult: android.os.Parcelable$Creator CREATOR
com.google.android.gms.nearby.sharing.LocalContent
com.google.android.gms.nearby.sharing.LocalContent: android.os.Parcelable$Creator CREATOR
com.google.android.gms.nearby.sharing.SharedContent
com.google.android.gms.nearby.sharing.SharedContent: android.os.Parcelable$Creator CREATOR
com.google.android.gms.nearby.sharing.ViewableItem
com.google.android.gms.nearby.sharing.ViewableItem: android.os.Parcelable$Creator CREATOR
com.google.android.gms.nearby.sharing.internal.ProvideContentRequest
com.google.android.gms.nearby.sharing.internal.ProvideContentRequest: android.os.Parcelable$Creator CREATOR
com.google.android.gms.nearby.sharing.internal.ReceiveContentRequest
com.google.android.gms.nearby.sharing.internal.ReceiveContentRequest: android.os.Parcelable$Creator CREATOR
com.google.android.gms.nearby.sharing.internal.StopProvidingContentRequest
com.google.android.gms.nearby.sharing.internal.StopProvidingContentRequest: android.os.Parcelable$Creator CREATOR
com.google.android.gms.nearby.sharing.internal.TrustedDevicesRequest
com.google.android.gms.nearby.sharing.internal.TrustedDevicesRequest: android.os.Parcelable$Creator CREATOR
com.google.android.gms.playlog.internal.LogEvent
com.google.android.gms.playlog.internal.LogEvent: com.google.android.gms.playlog.internal.zzc CREATOR
com.google.android.gms.playlog.internal.PlayLoggerContext
com.google.android.gms.playlog.internal.PlayLoggerContext: com.google.android.gms.playlog.internal.zze CREATOR
com.google.android.gms.plus.PlusOneButton: void setOnPlusOneClickListener(com.google.android.gms.plus.PlusOneButton$OnPlusOneClickListener)
com.google.android.gms.plus.PlusOneButton: void setAnnotation(int)
com.google.android.gms.plus.PlusOneButton: void setSize(int)
com.google.android.gms.plus.PlusOneButton: void setIntent(android.content.Intent)
com.google.android.gms.plus.internal.PlusCommonExtras
com.google.android.gms.plus.internal.PlusCommonExtras: com.google.android.gms.plus.internal.zzf CREATOR
com.google.android.gms.plus.internal.PlusSession
com.google.android.gms.plus.internal.PlusSession: com.google.android.gms.plus.internal.zzh CREATOR
com.google.android.gms.plus.internal.model.moments.ItemScopeEntity
com.google.android.gms.plus.internal.model.moments.ItemScopeEntity: com.google.android.gms.plus.internal.model.moments.zza CREATOR
com.google.android.gms.plus.internal.model.moments.MomentEntity
com.google.android.gms.plus.internal.model.moments.MomentEntity: com.google.android.gms.plus.internal.model.moments.zzb CREATOR