proguard/mapping.txt
com.luck_star.liedetector.prank.MyApp -> com.luck_star.liedetector.prank.MyApp:
    com.google.android.gms.analytics.GoogleAnalytics analytics -> a
    com.google.android.gms.analytics.Tracker tracker -> b
    void onCreate() -> onCreate
com.luck_star.liedetector.prank.activity.BaseActivity -> com.luck_star.liedetector.prank.activity.a:
    android.content.Context context -> a
    com.google.android.gms.analytics.Tracker tracker -> b
    void onCreate(android.os.Bundle) -> onCreate
com.luck_star.liedetector.prank.activity.HelpActivity -> com.luck_star.liedetector.prank.activity.HelpActivity:
    void onCreate(android.os.Bundle) -> onCreate
com.luck_star.liedetector.prank.activity.MainActivity -> com.luck_star.liedetector.prank.activity.MainActivity:
    android.widget.TextView txtResult -> c
    android.widget.ImageView imgBtn -> d
    android.widget.ImageView imgLine -> e
    android.widget.ProgressBar pb -> f
    int status -> g
    int truthOrLie -> h
    int READY -> i
    int SCANNING -> j
    int ABORT -> k
    int ANALYZING -> l
    int COMPLETED -> m
    com.google.android.gms.ads.InterstitialAd mInterstitialAd -> n
    android.media.MediaPlayer player -> o
    android.os.Vibrator vibrator -> p
    void onCreate(android.os.Bundle) -> onCreate
    void initView() -> a
    void requestNewAd() -> b
    void onDestroy() -> onDestroy
    boolean onTouch(android.view.View,android.view.MotionEvent) -> onTouch
    boolean onCreateOptionsMenu(android.view.Menu) -> onCreateOptionsMenu
    boolean onOptionsItemSelected(android.view.MenuItem) -> onOptionsItemSelected
    boolean dispatchKeyEvent(android.view.KeyEvent) -> dispatchKeyEvent
    void ready() -> c
    android.widget.ProgressBar access$0(com.luck_star.liedetector.prank.activity.MainActivity) -> a
    android.widget.TextView access$1(com.luck_star.liedetector.prank.activity.MainActivity) -> b
    int access$2(com.luck_star.liedetector.prank.activity.MainActivity) -> c
    void access$3(com.luck_star.liedetector.prank.activity.MainActivity,int) -> a
    android.os.Vibrator access$4(com.luck_star.liedetector.prank.activity.MainActivity) -> d
com.luck_star.liedetector.prank.activity.MainActivity$1 -> com.luck_star.liedetector.prank.activity.b:
    com.luck_star.liedetector.prank.activity.MainActivity this$0 -> a
    void onAdClosed() -> c
com.luck_star.liedetector.prank.activity.MainActivity$2 -> com.luck_star.liedetector.prank.activity.c:
    com.luck_star.liedetector.prank.activity.MainActivity this$0 -> a
    void onAnimationStart(android.view.animation.Animation) -> onAnimationStart
    void onAnimationRepeat(android.view.animation.Animation) -> onAnimationRepeat
    void onAnimationEnd(android.view.animation.Animation) -> onAnimationEnd
com.luck_star.liedetector.prank.activity.MainActivity$AnalayzTimer -> com.luck_star.liedetector.prank.activity.d:
    com.luck_star.liedetector.prank.activity.MainActivity this$0 -> a
    void onPreExecute() -> onPreExecute
    java.lang.Boolean doInBackground(java.lang.Void[]) -> a
    void onProgressUpdate(java.lang.Integer[]) -> a
    void onPostExecute(java.lang.Boolean) -> a
    void onPostExecute(java.lang.Object) -> onPostExecute
    java.lang.Object doInBackground(java.lang.Object[]) -> doInBackground
    void onProgressUpdate(java.lang.Object[]) -> onProgressUpdate
...
com.google.android.gms.plus.internal.model.people.PersonEntity$OrganizationsEntity -> com.google.android.gms.plus.internal.model.people.PersonEntity$OrganizationsEntity:
    com.google.android.gms.plus.internal.model.people.zzh CREATOR -> CREATOR
    java.util.HashMap zzaZz -> l
    java.util.Set zzaZA -> a
    int mVersionCode -> b
    java.lang.String zzbbc -> c
    java.lang.String zzavc -> d
    java.lang.String zzaZX -> e
    java.lang.String zzbbd -> f
    java.lang.String mName -> g
    boolean zzbbe -> h
    java.lang.String zzban -> i
    java.lang.String zzank -> j
    int zzZU -> k
    java.util.HashMap zzDq() -> e
    int describeContents() -> describeContents
    void writeToParcel(android.os.Parcel,int) -> writeToParcel
    boolean zza(com.google.android.gms.common.server.response.FastJsonResponse$Field) -> a
    java.lang.Object zzb(com.google.android.gms.common.server.response.FastJsonResponse$Field) -> b
    com.google.android.gms.plus.internal.model.people.PersonEntity$OrganizationsEntity zzDB() -> f
    int hashCode() -> hashCode
    boolean equals(java.lang.Object) -> equals
    java.util.Map zzqV() -> b
    java.lang.Object freeze() -> a
com.google.android.gms.plus.internal.model.people.PersonEntity$PlacesLivedEntity -> com.google.android.gms.plus.internal.model.people.PersonEntity$PlacesLivedEntity:
    com.google.android.gms.plus.internal.model.people.zzi CREATOR -> CREATOR
    java.util.HashMap zzaZz -> e
    java.util.Set zzaZA -> a
    int mVersionCode -> b
    boolean zzbbe -> c
    java.lang.String mValue -> d
    java.util.HashMap zzDq() -> e
    int describeContents() -> describeContents
    void writeToParcel(android.os.Parcel,int) -> writeToParcel
    boolean zza(com.google.android.gms.common.server.response.FastJsonResponse$Field) -> a
    java.lang.Object zzb(com.google.android.gms.common.server.response.FastJsonResponse$Field) -> b
    com.google.android.gms.plus.internal.model.people.PersonEntity$PlacesLivedEntity zzDC() -> f
    int hashCode() -> hashCode
    boolean equals(java.lang.Object) -> equals
    java.util.Map zzqV() -> b
    java.lang.Object freeze() -> a
com.google.android.gms.plus.internal.model.people.PersonEntity$UrlsEntity -> com.google.android.gms.plus.internal.model.people.PersonEntity$UrlsEntity:
    com.google.android.gms.plus.internal.model.people.zzj CREATOR -> CREATOR
    java.util.HashMap zzaZz -> f
    java.util.Set zzaZA -> a
    int mVersionCode -> b
    java.lang.String zzaRQ -> c
    int zzbbf -> g
    int zzZU -> d
    java.lang.String mValue -> e
    java.util.HashMap zzDq() -> e
    int zzDD() -> f
    int describeContents() -> describeContents
    void writeToParcel(android.os.Parcel,int) -> writeToParcel
    boolean zza(com.google.android.gms.common.server.response.FastJsonResponse$Field) -> a
    java.lang.Object zzb(com.google.android.gms.common.server.response.FastJsonResponse$Field) -> b
    com.google.android.gms.plus.internal.model.people.PersonEntity$UrlsEntity zzDE() -> g
    int hashCode() -> hashCode
    boolean equals(java.lang.Object) -> equals
    java.util.Map zzqV() -> b
    java.lang.Object freeze() -> a
com.google.android.gms.plus.internal.model.people.zza -> com.google.android.gms.plus.internal.model.people.a:
    com.google.android.gms.plus.internal.model.people.PersonEntity zzgt(android.os.Parcel) -> a
    com.google.android.gms.plus.internal.model.people.PersonEntity[] zzjw(int) -> a
    void zza(com.google.android.gms.plus.internal.model.people.PersonEntity,android.os.Parcel,int) -> a
    java.lang.Object[] newArray(int) -> newArray
    java.lang.Object createFromParcel(android.os.Parcel) -> createFromParcel