proguard/usage.txt
com.luck_star.liedetector.prank.BuildConfig
com.luck_star.liedetector.prank.Consts
com.luck_star.liedetector.prank.R
com.luck_star.liedetector.prank.R$anim
com.luck_star.liedetector.prank.R$attr
com.luck_star.liedetector.prank.R$color
com.luck_star.liedetector.prank.R$drawable
com.luck_star.liedetector.prank.R$id
com.luck_star.liedetector.prank.R$integer
com.luck_star.liedetector.prank.R$layout
com.luck_star.liedetector.prank.R$menu
com.luck_star.liedetector.prank.R$raw
com.luck_star.liedetector.prank.R$string
com.luck_star.liedetector.prank.R$style
com.luck_star.liedetector.prank.R$styleable
...
com.google.android.gms.nearby.sharing.internal.zzh
com.google.android.gms.nearby.sharing.internal.zzh$1
com.google.android.gms.nearby.sharing.internal.zzi
com.google.android.gms.nearby.sharing.zzd
com.google.android.gms.nearby.sharing.zze
com.google.android.gms.panorama.Panorama
com.google.android.gms.panorama.Panorama$1
com.google.android.gms.panorama.PanoramaApi
com.google.android.gms.panorama.PanoramaApi$PanoramaResult
com.google.android.gms.playlog.internal.LogEvent:
    public varargs LogEvent(long,long,java.lang.String,byte[],java.lang.String[])
    private static varargs android.os.Bundle zzd(java.lang.String[])
com.google.android.gms.playlog.internal.PlayLoggerContext:
    public PlayLoggerContext(java.lang.String,int,int,java.lang.String,java.lang.String,boolean)
com.google.android.gms.playlog.internal.zza
com.google.android.gms.playlog.internal.zza$zza
com.google.android.gms.playlog.internal.zza$zza$zza
com.google.android.gms.playlog.internal.zzb
com.google.android.gms.playlog.internal.zzb$1
com.google.android.gms.playlog.internal.zzb$zza
com.google.android.gms.playlog.internal.zzd
com.google.android.gms.playlog.internal.zzf
com.google.android.gms.plus.Account
com.google.android.gms.plus.Moments
com.google.android.gms.plus.Moments$LoadMomentsResult
com.google.android.gms.plus.People
com.google.android.gms.plus.People$LoadPeopleResult
com.google.android.gms.plus.People$OrderBy
com.google.android.gms.plus.Plus
com.google.android.gms.plus.Plus$1
com.google.android.gms.plus.Plus$PlusOptions
com.google.android.gms.plus.Plus$PlusOptions$Builder
com.google.android.gms.plus.Plus$zza
com.google.android.gms.plus.PlusOneButton
com.google.android.gms.plus.PlusOneButton$DefaultOnPlusOneClickListener
com.google.android.gms.plus.PlusOneButton$OnPlusOneClickListener
com.google.android.gms.plus.PlusOneDummyView
com.google.android.gms.plus.PlusOneDummyView$1
com.google.android.gms.plus.PlusOneDummyView$zza
com.google.android.gms.plus.PlusOneDummyView$zzb
com.google.android.gms.plus.PlusOneDummyView$zzc
com.google.android.gms.plus.PlusOneDummyView$zzd
com.google.android.gms.plus.PlusShare
com.google.android.gms.plus.PlusShare$Builder
com.google.android.gms.plus.internal.PlusCommonExtras:
    public void zzG(android.os.Bundle)
com.google.android.gms.plus.internal.PlusSession:
    public PlusSession(java.lang.String,java.lang.String[],java.lang.String[],java.lang.String[],java.lang.String,java.lang.String,java.lang.String,com.google.android.gms.plus.internal.PlusCommonExtras)
    public android.os.Bundle zzDp()